2020.07.26 16:43:23 INFO  started: Metals version 0.9.2 in workspace 'C:\Users\samfs\Documents\AirPolutionSeoul\Scala' for client vscode.
2020.07.26 16:43:24 INFO  time: initialize in 0.82s
2020.07.26 16:43:25 INFO  no build target: using presentation compiler with only scala-library
2020.07.26 16:43:29 WARN  no build target for: C:\Users\samfs\Documents\AirPolutionSeoul\Scala\src\main\scala\PolutionMeasurements\MeasurementesInterface.scala
2020.07.26 16:43:29 WARN  no build target for: C:\Users\samfs\Documents\AirPolutionSeoul\Scala\src\main\scala\PolutionMeasurements\StaticInformation.scala
jul 26, 2020 4:43:30 PM org.eclipse.lsp4j.jsonrpc.RemoteEndpoint handleCancellation
ADVERTÊNCIA: Unmatched cancel notification for request id 4
jul 26, 2020 4:43:30 PM org.eclipse.lsp4j.jsonrpc.RemoteEndpoint handleCancellation
ADVERTÊNCIA: Unmatched cancel notification for request id 10
2020.07.26 16:43:31 WARN  no build target for: C:\Users\samfs\Documents\AirPolutionSeoul\Scala\src\main\scala\PolutionMeasurements\StaticInformation.scala
2020.07.26 16:43:34 INFO  shutting down Metals
2020.07.27 10:59:17 INFO  started: Metals version 0.9.2 in workspace 'C:\Users\samfs\Documents\AirPolutionSeoul\Scala' for client vscode.
2020.07.27 10:59:17 INFO  time: initialize in 0.51s
2020.07.27 10:59:18 INFO  no build target: using presentation compiler with only scala-library
2020.07.27 10:59:18 INFO  skipping build import with status 'Requested'
2020.07.27 10:59:21 WARN  no build target for: C:\Users\samfs\Documents\AirPolutionSeoul\Scala\src\main\scala\PolutionMeasurements\StaticInformation.scala
2020.07.27 11:01:18 INFO  shutting down Metals
2020.07.27 18:26:48 INFO  started: Metals version 0.9.2 in workspace 'C:\Users\samfs\Documents\AirPolutionSeoul\Scala' for client vscode.
2020.07.27 18:26:49 INFO  time: initialize in 0.63s
2020.07.27 18:26:49 INFO  no build target: using presentation compiler with only scala-library
2020.07.27 18:26:49 INFO  skipping build import with status 'Requested'
2020.07.27 18:26:52 WARN  no build target for: C:\Users\samfs\Documents\AirPolutionSeoul\Scala\src\main\scala\PolutionMeasurements\StaticInformation.scala
2020.07.27 18:29:19 WARN  no build target for: C:\Users\samfs\Documents\AirPolutionSeoul\Scala\src\main\scala\PolutionMeasurements\MeasurementesInterface.scala
2020.07.27 18:30:09 WARN  no build target for: C:\Users\samfs\Documents\AirPolutionSeoul\Scala\src\main\scala\PolutionMeasurements\StaticInformation.scala
2020.07.27 18:30:33 WARN  no build target for: C:\Users\samfs\Documents\AirPolutionSeoul\Scala\src\main\scala\PolutionMeasurements\StaticInformation.scala
2020.07.27 18:30:36 WARN  no build target for: C:\Users\samfs\Documents\AirPolutionSeoul\Scala\src\main\scala\PolutionMeasurements\StaticInformation.scala
2020.07.27 18:30:38 INFO  shutting down Metals
2020.07.28 10:15:39 INFO  started: Metals version 0.9.2 in workspace 'C:\Users\samfs\Documents\AirPolutionSeoul\Scala' for client vscode.
2020.07.28 10:15:40 INFO  time: initialize in 0.52s
2020.07.28 10:15:41 INFO  no build target: using presentation compiler with only scala-library
2020.07.28 10:15:41 INFO  skipping build import with status 'Requested'
2020.07.28 10:15:43 WARN  no build target for: C:\Users\samfs\Documents\AirPolutionSeoul\Scala\src\main\scala\PolutionMeasurements\StaticInformation.scala
2020.07.28 10:16:47 INFO  shutting down Metals
2020.07.29 18:45:40 INFO  started: Metals version 0.9.2 in workspace 'C:\Users\samfs\Documents\AirPolutionSeoul\Scala' for client vscode.
2020.07.29 18:45:41 INFO  time: initialize in 0.76s
2020.07.29 18:45:42 INFO  no build target: using presentation compiler with only scala-library
2020.07.29 18:45:42 INFO  skipping build import with status 'Requested'
2020.07.31 15:29:26 INFO  started: Metals version 0.9.2 in workspace 'C:\Users\samfs\Documents\AirPolutionSeoul\Scala' for client vscode.
2020.07.31 15:29:26 INFO  time: initialize in 0.64s
2020.07.31 15:29:32 INFO  no build target: using presentation compiler with only scala-library
2020.07.31 15:29:32 INFO  skipping build import with status 'Requested'
2020.07.31 15:29:35 WARN  no build target for: C:\Users\samfs\Documents\AirPolutionSeoul\Scala\src\main\scala\PolutionMeasurements\Main.sc
2020.07.31 22:12:59 INFO  shutting down Metals
2020.08.03 16:05:34 INFO  started: Metals version 0.9.2 in workspace 'C:\Users\samfs\Documents\AirPolutionSeoul\Scala' for client vscode.
2020.08.03 16:05:35 INFO  time: initialize in 0.58s
2020.08.03 16:05:35 INFO  no build target: using presentation compiler with only scala-library
2020.08.03 16:05:35 INFO  skipping build import with status 'Requested'
2020.08.03 16:05:38 WARN  no build target for: C:\Users\samfs\Documents\AirPolutionSeoul\Scala\src\main\scala\PolutionMeasurements\Main.sc
2020.08.03 16:05:38 WARN  no build target for: C:\Users\samfs\Documents\AirPolutionSeoul\Scala\src\main\scala\PolutionMeasurements\MeasurementesInterface.scala
2020.08.03 16:05:38 WARN  no build target for: C:\Users\samfs\Documents\AirPolutionSeoul\Scala\src\main\scala\PolutionMeasurements\StaticInformation.scala
2020.08.03 16:11:49 WARN  code navigation does not work for the file 'C:\Users\samfs\Documents\AirPolutionSeoul\Scala\src\main\scala\PolutionMeasurements\MeasurementesInterface.scala' because it doesn't belong to a build target.
2020.08.03 16:11:50 WARN  no build target for: C:\Users\samfs\Documents\AirPolutionSeoul\Scala\src\main\scala\PolutionMeasurements\MeasurementesInterface.scala
2020.08.03 16:14:09 INFO  shutting down Metals
2020.08.04 14:14:09 INFO  started: Metals version 0.9.2 in workspace 'C:\Users\samfs\Documents\AirPolutionSeoul\Scala' for client vscode.
2020.08.04 14:14:10 INFO  time: initialize in 0.63s
2020.08.04 14:14:11 INFO  no build target: using presentation compiler with only scala-library
2020.08.04 14:14:11 INFO  skipping build import with status 'Requested'
2020.08.04 14:14:14 WARN  no build target for: C:\Users\samfs\Documents\AirPolutionSeoul\Scala\src\main\scala\PolutionMeasurements\MeasurementesInterface.scala
2020.08.04 14:14:14 WARN  no build target for: C:\Users\samfs\Documents\AirPolutionSeoul\Scala\src\main\scala\PolutionMeasurements\StaticInformation.scala
2020.08.04 14:15:12 INFO  shutting down Metals
2020.08.05 09:19:11 INFO  started: Metals version 0.9.2 in workspace 'C:\Users\samfs\Documents\AirPolutionSeoul\Scala' for client vscode.
2020.08.05 09:19:11 INFO  time: initialize in 0.52s
2020.08.05 09:19:12 INFO  no build target: using presentation compiler with only scala-library
2020.08.05 09:19:12 INFO  skipping build import with status 'Requested'
2020.08.05 09:19:15 WARN  no build target for: C:\Users\samfs\Documents\AirPolutionSeoul\Scala\src\main\scala\PolutionMeasurements\StaticInformation.scala
2020.08.05 13:47:07 INFO  shutting down Metals
2020.08.05 14:08:18 INFO  started: Metals version 0.9.2 in workspace 'C:\Users\samfs\Documents\AirPolutionSeoul\Scala' for client vscode.
2020.08.05 14:08:19 INFO  time: initialize in 1.33s
2020.08.05 14:08:20 INFO  skipping build import with status 'Requested'
2020.08.05 18:04:02 INFO  no build target: using presentation compiler with only scala-library
2020.08.05 18:04:05 WARN  no build target for: C:\Users\samfs\Documents\AirPolutionSeoul\Scala\src\main\scala\PolutionMeasurements\StaticInformation.scala
