2020.07.01 18:11:44 INFO  started: Metals version 0.9.0 in workspace 'C:\Users\samfs\Desktop\Projetos-Samuel\AirPolutionSeoul'
2020.07.01 18:11:44 INFO  time: initialize in 0.49s
2020.07.01 18:11:45 WARN  no build tool detected in workspace 'C:\Users\samfs\Desktop\Projetos-Samuel\AirPolutionSeoul'. The most common cause for this problem is that the editor was opened in the wrong working directory, for example if you use sbt then the workspace directory should contain build.sbt. 
jul 01, 2020 6:11:47 PM org.eclipse.lsp4j.jsonrpc.services.GenericEndpoint notify
INFORMAÇÕES: Unsupported notification method: $/setTraceNotification
2020.07.01 20:59:03 INFO  shutting down Metals
2020.07.02 15:43:56 INFO  started: Metals version 0.9.0 in workspace 'C:\Users\samfs\Desktop\Projetos-Samuel\AirPolutionSeoul'
2020.07.02 15:43:56 INFO  time: initialize in 0.6s
2020.07.02 15:43:57 WARN  no build tool detected in workspace 'C:\Users\samfs\Desktop\Projetos-Samuel\AirPolutionSeoul'. The most common cause for this problem is that the editor was opened in the wrong working directory, for example if you use sbt then the workspace directory should contain build.sbt. 
2020.07.02 17:55:43 INFO  shutting down Metals
2020.07.04 08:56:05 INFO  started: Metals version 0.9.1 in workspace 'C:\Users\samfs\Desktop\Projetos-Samuel\AirPolutionSeoul'
2020.07.04 08:56:06 INFO  time: initialize in 0.47s
2020.07.04 08:56:06 WARN  resetting database: C:\Users\samfs\Desktop\Projetos-Samuel\AirPolutionSeoul\.metals\metals.h2.db
2020.07.04 08:56:06 WARN  no build tool detected in workspace 'C:\Users\samfs\Desktop\Projetos-Samuel\AirPolutionSeoul'. The most common cause for this problem is that the editor was opened in the wrong working directory, for example if you use sbt then the workspace directory should contain build.sbt. 
2020.07.04 08:57:51 INFO  shutting down Metals
2020.08.06 09:43:16 INFO  started: Metals version 0.9.2 in workspace 'C:\Users\samfs\Documents\AirPolutionSeoul' for client vscode.
2020.08.06 09:43:17 INFO  time: initialize in 0.55s
2020.08.06 09:43:17 WARN  no build tool detected in workspace 'C:\Users\samfs\Documents\AirPolutionSeoul'. The most common cause for this problem is that the editor was opened in the wrong working directory, for example if you use sbt then the workspace directory should contain build.sbt. 
2020.08.06 15:00:15 INFO  shutting down Metals
2020.08.06 15:02:39 INFO  started: Metals version 0.9.2 in workspace 'C:\Users\samfs\Documents\AirPolutionSeoul' for client vscode.
2020.08.06 15:02:39 INFO  time: initialize in 0.49s
2020.08.06 15:02:40 WARN  no build tool detected in workspace 'C:\Users\samfs\Documents\AirPolutionSeoul'. The most common cause for this problem is that the editor was opened in the wrong working directory, for example if you use sbt then the workspace directory should contain build.sbt. 
